<?xml version="1.0" encoding="UTF-8"?>
<testsuites>
  <testsuite name="tests" tests="18" assertions="32" failures="0" errors="0" time="0.200255">
    <testsuite name="Simope\ConfigTest" file="C:\Users\Tomek\Documents\GitHub\Simope\tests\Simope\ConfigTest.php" namespace="Simope" fullPackage="Simope" tests="2" assertions="4" failures="0" errors="0" time="0.017049">
      <testcase name="testGet" class="Simope\ConfigTest" file="C:\Users\Tomek\Documents\GitHub\Simope\tests\Simope\ConfigTest.php" line="6" assertions="2" time="0.014892"/>
      <testcase name="testSet" class="Simope\ConfigTest" file="C:\Users\Tomek\Documents\GitHub\Simope\tests\Simope\ConfigTest.php" line="21" assertions="2" time="0.002157"/>
    </testsuite>
    <testsuite name="Simope\ContainerFactoryTest" file="C:\Users\Tomek\Documents\GitHub\Simope\tests\Simope\ContainerFactoryTest.php" namespace="Simope" fullPackage="Simope" tests="2" assertions="4" failures="0" errors="0" time="0.006175">
      <testcase name="testCreate" class="Simope\ContainerFactoryTest" file="C:\Users\Tomek\Documents\GitHub\Simope\tests\Simope\ContainerFactoryTest.php" line="6" assertions="2" time="0.002231"/>
      <testcase name="testCantCreateException" class="Simope\ContainerFactoryTest" file="C:\Users\Tomek\Documents\GitHub\Simope\tests\Simope\ContainerFactoryTest.php" line="25" assertions="2" time="0.003944"/>
    </testsuite>
    <testsuite name="Simope\EntityManagerTest" file="C:\Users\Tomek\Documents\GitHub\Simope\tests\Simope\EntityManagerTest.php" namespace="Simope" fullPackage="Simope" tests="7" assertions="13" failures="0" errors="0" time="0.082912">
      <testcase name="testPersist" class="Simope\EntityManagerTest" file="C:\Users\Tomek\Documents\GitHub\Simope\tests\Simope\EntityManagerTest.php" line="17" assertions="3" time="0.033341"/>
      <testcase name="testPersistCantCreateException" class="Simope\EntityManagerTest" file="C:\Users\Tomek\Documents\GitHub\Simope\tests\Simope\EntityManagerTest.php" line="77" assertions="2" time="0.002322"/>
      <testcase name="testPersistWrongArgumentException" class="Simope\EntityManagerTest" file="C:\Users\Tomek\Documents\GitHub\Simope\tests\Simope\EntityManagerTest.php" line="95" assertions="2" time="0.001632"/>
      <testcase name="testRemove" class="Simope\EntityManagerTest" file="C:\Users\Tomek\Documents\GitHub\Simope\tests\Simope\EntityManagerTest.php" line="105" assertions="1" time="0.010663"/>
      <testcase name="testFindBy" class="Simope\EntityManagerTest" file="C:\Users\Tomek\Documents\GitHub\Simope\tests\Simope\EntityManagerTest.php" line="124" assertions="1" time="0.010344"/>
      <testcase name="testFind" class="Simope\EntityManagerTest" file="C:\Users\Tomek\Documents\GitHub\Simope\tests\Simope\EntityManagerTest.php" line="135" assertions="2" time="0.013377"/>
      <testcase name="testSpy" class="Simope\EntityManagerTest" file="C:\Users\Tomek\Documents\GitHub\Simope\tests\Simope\EntityManagerTest.php" line="149" assertions="2" time="0.011233"/>
    </testsuite>
    <testsuite name="Simope\IndexTest" file="C:\Users\Tomek\Documents\GitHub\Simope\tests\Simope\IndexTest.php" namespace="Simope" fullPackage="Simope" tests="2" assertions="4" failures="0" errors="0" time="0.013604">
      <testcase name="testSet" class="Simope\IndexTest" file="C:\Users\Tomek\Documents\GitHub\Simope\tests\Simope\IndexTest.php" line="20" assertions="2" time="0.006158"/>
      <testcase name="testGet" class="Simope\IndexTest" file="C:\Users\Tomek\Documents\GitHub\Simope\tests\Simope\IndexTest.php" line="41" assertions="2" time="0.007446"/>
    </testsuite>
    <testsuite name="Simope\RepositoryTest" file="C:\Users\Tomek\Documents\GitHub\Simope\tests\Simope\RepositoryTest.php" namespace="Simope" fullPackage="Simope" tests="3" assertions="5" failures="0" errors="0" time="0.040588">
      <testcase name="testPurge" class="Simope\RepositoryTest" file="C:\Users\Tomek\Documents\GitHub\Simope\tests\Simope\RepositoryTest.php" line="17" assertions="2" time="0.018333"/>
      <testcase name="testFind" class="Simope\RepositoryTest" file="C:\Users\Tomek\Documents\GitHub\Simope\tests\Simope\RepositoryTest.php" line="56" assertions="2" time="0.011618"/>
      <testcase name="testFindBy" class="Simope\RepositoryTest" file="C:\Users\Tomek\Documents\GitHub\Simope\tests\Simope\RepositoryTest.php" line="74" assertions="1" time="0.010637"/>
    </testsuite>
    <testsuite name="Simope\Util\Filesystem\DirectoryTest" file="C:\Users\Tomek\Documents\GitHub\Simope\tests\Simope\Util\Filesystem\DirectoryTest.php" namespace="Simope\Util\Filesystem" fullPackage="Simope.Util.Filesystem" tests="1" assertions="1" failures="0" errors="0" time="0.038382">
      <testcase name="testPurge" class="Simope\Util\Filesystem\DirectoryTest" file="C:\Users\Tomek\Documents\GitHub\Simope\tests\Simope\Util\Filesystem\DirectoryTest.php" line="17" assertions="1" time="0.038382"/>
    </testsuite>
    <testsuite name="Simope\Util\Generator\UuidTest" file="C:\Users\Tomek\Documents\GitHub\Simope\tests\Simope\Util\Generator\UuidTest.php" namespace="Simope\Util\Generator" fullPackage="Simope.Util.Generator" tests="1" assertions="1" failures="0" errors="0" time="0.001545">
      <testcase name="testGenerate" class="Simope\Util\Generator\UuidTest" file="C:\Users\Tomek\Documents\GitHub\Simope\tests\Simope\Util\Generator\UuidTest.php" line="9" assertions="1" time="0.001545"/>
    </testsuite>
  </testsuite>
</testsuites>
